<?xml version="1.0" encoding="UTF-8"?>
<!-- Generated by org.testng.reporters.JUnitXMLReporter -->
<testsuite ignored="0" hostname="DESKTOP-GTM5910" failures="0" tests="3" name="Default test" time="2.415" errors="0" timestamp="2023-10-08T14:32:48 IST">
  <testcase classname="advance.AddAttachment" name="LogintoJira" time="1.45"/>
  <testcase classname="advance.AddAttachment" name="createBug" time="0.09"/>
  <testcase classname="advance.AddAttachment" name="addAttachment" time="0.826"/>
</testsuite> <!-- Default test -->
