<?xml version="1.0" encoding="UTF-8"?>
<testng-results ignored="0" total="3" passed="3" failed="0" skipped="0">
  <reporter-output>
  </reporter-output>
  <suite started-at="2023-10-08T14:32:45 IST" name="Default suite" finished-at="2023-10-08T14:32:48 IST" duration-ms="2415">
    <groups>
    </groups>
    <test started-at="2023-10-08T14:32:45 IST" name="Default test" finished-at="2023-10-08T14:32:48 IST" duration-ms="2415">
      <class name="advance.AddAttachment">
        <test-method signature="LogintoJira()[pri:1, instance:advance.AddAttachment@7334aada]" started-at="2023-10-08T14:32:45 IST" name="LogintoJira" finished-at="2023-10-08T14:32:47 IST" duration-ms="1450" status="PASS">
          <reporter-output>
          </reporter-output>
        </test-method> <!-- LogintoJira -->
        <test-method signature="createBug()[pri:2, instance:advance.AddAttachment@7334aada]" started-at="2023-10-08T14:32:47 IST" name="createBug" finished-at="2023-10-08T14:32:47 IST" duration-ms="90" status="PASS">
          <reporter-output>
          </reporter-output>
        </test-method> <!-- createBug -->
        <test-method signature="addAttachment()[pri:3, instance:advance.AddAttachment@7334aada]" started-at="2023-10-08T14:32:47 IST" name="addAttachment" finished-at="2023-10-08T14:32:48 IST" duration-ms="826" status="PASS">
          <reporter-output>
          </reporter-output>
        </test-method> <!-- addAttachment -->
      </class> <!-- advance.AddAttachment -->
    </test> <!-- Default test -->
  </suite> <!-- Default suite -->
</testng-results>
